# JRE version: Java(TM) SE Runtime Environment (8.0_181-b13) (build 1.8.0_181-b13)
# Java VM: Java HotSpot(TM) 64-Bit Server VM (25.181-b13 mixed mode linux-amd64 compressed oops)
Heap:
 PSYoungGen      total 36864K, used 32253K [0x00000000d6f00000, 0x00000000db700000, 0x0000000100000000)
  eden space 31744K, 85% used [0x00000000d6f00000,0x00000000d899eff8,0x00000000d8e00000)
  from space 5120K, 97% used [0x00000000d9300000,0x00000000d97e07f8,0x00000000d9800000)
  to   space 5120K, 0% used [0x00000000d8e00000,0x00000000d8e00000,0x00000000d9300000)
 ParOldGen       total 799232K, used 789611K [0x0000000084c00000, 0x00000000b5880000, 0x00000000d6f00000)
  object space 799232K, 98% used [0x0000000084c00000,0x00000000b4f1aee0,0x00000000b5880000)
 Metaspace       used 14343K, capacity 14944K, committed 15232K, reserved 1062912K
  class space    used 1954K, capacity 2137K, committed 2176K, reserved 1048576K
GC Heap History (4 events):
Event: 3,770 GC heap before
{Heap before GC invocations=1 (full 0):
 PSYoungGen      total 36864K, used 31642K [0x00000000d6f00000, 0x00000000d9800000, 0x0000000100000000)
  eden space 31744K, 99% used [0x00000000d6f00000,0x00000000d8de6b80,0x00000000d8e00000)
  from space 5120K, 0% used [0x00000000d9300000,0x00000000d9300000,0x00000000d9800000)
  to   space 5120K, 0% used [0x00000000d8e00000,0x00000000d8e00000,0x00000000d9300000)
 ParOldGen       total 84992K, used 0K [0x0000000084c00000, 0x0000000089f00000, 0x00000000d6f00000)
  object space 84992K, 0% used [0x0000000084c00000,0x0000000084c00000,0x0000000089f00000)
 Metaspace       used 14331K, capacity 14944K, committed 15232K, reserved 1062912K
  class space    used 1954K, capacity 2137K, committed 2176K, reserved 1048576K
Event: 3,775 GC heap after
Heap after GC invocations=1 (full 0):
 PSYoungGen      total 36864K, used 5102K [0x00000000d6f00000, 0x00000000d9800000, 0x0000000100000000)
  eden space 31744K, 0% used [0x00000000d6f00000,0x00000000d6f00000,0x00000000d8e00000)
  from space 5120K, 99% used [0x00000000d8e00000,0x00000000d92fb938,0x00000000d9300000)
  to   space 5120K, 0% used [0x00000000d9300000,0x00000000d9300000,0x00000000d9800000)
 ParOldGen       total 84992K, used 2053K [0x0000000084c00000, 0x0000000089f00000, 0x00000000d6f00000)
  object space 84992K, 2% used [0x0000000084c00000,0x0000000084e01528,0x0000000089f00000)
 Metaspace       used 14331K, capacity 14944K, committed 15232K, reserved 1062912K
  class space    used 1954K, capacity 2137K, committed 2176K, reserved 1048576K
}
Event: 3,797 GC heap before
{Heap before GC invocations=2 (full 0):
 PSYoungGen      total 36864K, used 26515K [0x00000000d6f00000, 0x00000000d9800000, 0x0000000100000000)
  eden space 31744K, 67% used [0x00000000d6f00000,0x00000000d83e9530,0x00000000d8e00000)
  from space 5120K, 99% used [0x00000000d8e00000,0x00000000d92fb938,0x00000000d9300000)
  to   space 5120K, 0% used [0x00000000d9300000,0x00000000d9300000,0x00000000d9800000)
 ParOldGen       total 84992K, used 2053K [0x0000000084c00000, 0x0000000089f00000, 0x00000000d6f00000)
  object space 84992K, 2% used [0x0000000084c00000,0x0000000084e01528,0x0000000089f00000)
 Metaspace       used 14343K, capacity 14944K, committed 15232K, reserved 1062912K
  class space    used 1954K, capacity 2137K, committed 2176K, reserved 1048576K
Event: 3,810 GC heap after
Heap after GC invocations=2 (full 0):
 PSYoungGen      total 36864K, used 4993K [0x00000000d6f00000, 0x00000000db700000, 0x0000000100000000)
  eden space 31744K, 0% used [0x00000000d6f00000,0x00000000d6f00000,0x00000000d8e00000)
  from space 5120K, 97% used [0x00000000d9300000,0x00000000d97e07f8,0x00000000d9800000)
  to   space 5120K, 0% used [0x00000000d8e00000,0x00000000d8e00000,0x00000000d9300000)
 ParOldGen       total 84992K, used 16305K [0x0000000084c00000, 0x0000000089f00000, 0x00000000d6f00000)
  object space 84992K, 19% used [0x0000000084c00000,0x0000000085bec538,0x0000000089f00000)
 Metaspace       used 14343K, capacity 14944K, committed 15232K, reserved 1062912K
  class space    used 1954K, capacity 2137K, committed 2176K, reserved 1048576K
}

